#
# There is insufficient memory for the Java Runtime Environment to continue.
# Native memory allocation (mmap) failed to map 100663296 bytes for G1 virtual space
# Possible reasons:
#   The system is out of physical RAM or swap space
#   The process is running with CompressedOops enabled, and the Java Heap may be blocking the growth of the native heap
# Possible solutions:
#   Reduce memory load on the system
#   Increase physical memory or swap space
#   Check if swap backing store is full
#   Decrease Java heap size (-Xmx/-Xms)
#   Decrease number of Java threads
#   Decrease Java thread stack sizes (-Xss)
#   Set larger code cache with -XX:ReservedCodeCacheSize=
#   JVM is running with Unscaled Compressed Oops mode in which the Java heap is
#     placed in the first 4GB address space. The Java Heap base address is the
#     maximum limit for the native heap growth. Please use -XX:HeapBaseMinAddress
#     to set the Java Heap base and to place the Java Heap above 4GB virtual address.
# This output file may be truncated or incomplete.
#
#  Out of Memory Error (os_windows.cpp:3530), pid=4448, tid=21076
#
# JRE version:  (18.0.2+9) (build )
# Java VM: Java HotSpot(TM) 64-Bit Server VM (18.0.2+9-61, mixed mode, sharing, tiered, compressed oops, compressed class ptrs, g1 gc, windows-amd64)
# No core dump will be written. Minidumps are not enabled by default on client versions of Windows
#

---------------  S U M M A R Y ------------

Command Line: -Dfile.encoding=UTF-8 -XX:+ShowCodeDetailsInExceptionMessages bank_management_system.Login

Host: AMD Ryzen 3 3250U with Radeon Graphics         , 4 cores, 5G,  Windows 11 , 64 bit Build 22621 (10.0.22621.2428)
Time: Sun Oct 15 05:21:11 2023 India Standard Time elapsed time: 0.096924 seconds (0d 0h 0m 0s)

---------------  T H R E A D  ---------------

Current thread (0x000001cdfd19a3a0):  JavaThread "Unknown thread" [_thread_in_vm, id=21076, stack(0x000000c4ed100000,0x000000c4ed200000)]

Stack: [0x000000c4ed100000,0x000000c4ed200000]
Native frames: (J=compiled Java code, j=interpreted, Vv=VM code, C=native code)
V  [jvm.dll+0x6993ca]
V  [jvm.dll+0x7f481d]
V  [jvm.dll+0x7f612e]
V  [jvm.dll+0x7f67e3]
V  [jvm.dll+0x25cdaf]
V  [jvm.dll+0x696319]
V  [jvm.dll+0x68ae4a]
V  [jvm.dll+0x3223eb]
V  [jvm.dll+0x329dc6]
V  [jvm.dll+0x37eade]
V  [jvm.dll+0x37ed0f]
V  [jvm.dll+0x2fa16a]
V  [jvm.dll+0x2fb1cd]
V  [jvm.dll+0x7c3450]
V  [jvm.dll+0x38be61]
V  [jvm.dll+0x7a2073]
V  [jvm.dll+0x40dc3f]
V  [jvm.dll+0x40f611]
C  [jli.dll+0x526b]
C  [ucrtbase.dll+0x29363]
C  [KERNEL32.DLL+0x1257d]
C  [ntdll.dll+0x5aa78]


---------------  P R O C E S S  ---------------

Threads class SMR info:
_java_thread_list=0x00007ff92e9ae550, length=0, elements={
}

Java Threads: ( => current thread )

Other Threads:
  0x000001cdfd1eabe0 WorkerThread "GC Thread#0" [stack: 0x000000c4ed200000,0x000000c4ed300000] [id=22264]
  0x000001cdfd1f7790 ConcurrentGCThread "G1 Main Marker" [stack: 0x000000c4ed300000,0x000000c4ed400000] [id=19868]
  0x000001cdfd1f8920 WorkerThread "G1 Conc#0" [stack: 0x000000c4ed400000,0x000000c4ed500000] [id=21520]

[error occurred during error reporting (printing all threads), id 0xc0000005, EXCEPTION_ACCESS_VIOLATION (0xc0000005) at pc=0x00007ff92e1da707]

VM state: not at safepoint (not fully initialized)

VM Mutex/Monitor currently owned by a thread:  ([mutex/lock_event])
[0x000001cdfd199940] Heap_lock - owner thread: 0x000001cdfd19a3a0

Heap address: 0x00000000a1c00000, size: 1508 MB, Compressed Oops mode: 32-bit

CDS archive(s) mapped at: [0x0000000000000000-0x0000000000000000-0x0000000000000000), size 0, SharedBaseAddress: 0x0000000800000000, ArchiveRelocationMode: 0.
Narrow klass base: 0x0000000000000000, Narrow klass shift: 0, Narrow klass range: 0x0

GC Precious Log:
 CardTable entry size: 512
 Card Set container configuration: InlinePtr #cards 5 size 8 Array Of Cards #cards 12 size 40 Howl #buckets 4 coarsen threshold 1843 Howl Bitmap #cards 512 size 80 coarsen threshold 460 Card regions per heap region 1 cards per card region 2048

Heap:
 garbage-first heap   total 0K, used 0K [0x00000000a1c00000, 0x0000000100000000)
  region size 1024K, 0 young (0K), 0 survivors (0K)

[error occurred during error reporting (printing heap information), id 0xc0000005, EXCEPTION_ACCESS_VIOLATION (0xc0000005) at pc=0x00007ff92e5c1859]

GC Heap History (0 events):
No events

Deoptimization events (0 events):
No events

Classes loaded (0 events):
No events

Classes unloaded (0 events):
No events

Classes redefined (0 events):
No events

Internal exceptions (0 events):
No events

VM Operations (0 events):
No events

Events (1 events):
Event: 0.049 Loaded shared library C:\Program Files\Java\jdk-18.0.2\bin\java.dll


Dynamic libraries:
0x00007ff794aa0000 - 0x00007ff794ab0000 	C:\Program Files\Java\jdk-18.0.2\bin\javaw.exe
0x00007ff9c4c10000 - 0x00007ff9c4e27000 	C:\WINDOWS\SYSTEM32\ntdll.dll
0x00007ff9c43c0000 - 0x00007ff9c4484000 	C:\WINDOWS\System32\KERNEL32.DLL
0x00007ff9c1f90000 - 0x00007ff9c2336000 	C:\WINDOWS\System32\KERNELBASE.dll
0x00007ff9c2430000 - 0x00007ff9c2541000 	C:\WINDOWS\System32\ucrtbase.dll
0x00007ff9b03b0000 - 0x00007ff9b03c8000 	C:\Program Files\Java\jdk-18.0.2\bin\jli.dll
0x00007ff9c4a80000 - 0x00007ff9c4b30000 	C:\WINDOWS\System32\ADVAPI32.dll
0x00007ff9c2c40000 - 0x00007ff9c2ce7000 	C:\WINDOWS\System32\msvcrt.dll
0x00007ff9c4750000 - 0x00007ff9c47f6000 	C:\WINDOWS\System32\sechost.dll
0x00007ff9c4140000 - 0x00007ff9c4257000 	C:\WINDOWS\System32\RPCRT4.dll
0x00007ff9c4890000 - 0x00007ff9c4a3d000 	C:\WINDOWS\System32\USER32.dll
0x00007ff9c2550000 - 0x00007ff9c2576000 	C:\WINDOWS\System32\win32u.dll
0x00007ff9c2970000 - 0x00007ff9c2999000 	C:\WINDOWS\System32\GDI32.dll
0x00007ff9c2580000 - 0x00007ff9c2698000 	C:\WINDOWS\System32\gdi32full.dll
0x00007ff9c26a0000 - 0x00007ff9c273a000 	C:\WINDOWS\System32\msvcp_win.dll
0x00007ff9af8a0000 - 0x00007ff9af8ba000 	C:\Program Files\Java\jdk-18.0.2\bin\VCRUNTIME140.dll
0x00007ff9b3a20000 - 0x00007ff9b3cb3000 	C:\WINDOWS\WinSxS\amd64_microsoft.windows.common-controls_6595b64144ccf1df_6.0.22621.2361_none_2712ced57382f843\COMCTL32.dll
0x00007ff9b7400000 - 0x00007ff9b740a000 	C:\WINDOWS\SYSTEM32\VERSION.dll
0x00007ff9c4a40000 - 0x00007ff9c4a71000 	C:\WINDOWS\System32\IMM32.DLL
0x00007ff9b2650000 - 0x00007ff9b265c000 	C:\Program Files\Java\jdk-18.0.2\bin\vcruntime140_1.dll
0x00007ff97d2c0000 - 0x00007ff97d34d000 	C:\Program Files\Java\jdk-18.0.2\bin\msvcp140.dll
0x00007ff92ded0000 - 0x00007ff92eae1000 	C:\Program Files\Java\jdk-18.0.2\bin\server\jvm.dll
0x00007ff9c3f50000 - 0x00007ff9c3f58000 	C:\WINDOWS\System32\PSAPI.DLL
0x00007ff957e60000 - 0x00007ff957e69000 	C:\WINDOWS\SYSTEM32\WSOCK32.dll
0x00007ff9c4b40000 - 0x00007ff9c4bb1000 	C:\WINDOWS\System32\WS2_32.dll
0x00007ff9b9890000 - 0x00007ff9b98c4000 	C:\WINDOWS\SYSTEM32\WINMM.dll
0x00007ff9c0fd0000 - 0x00007ff9c0fe8000 	C:\WINDOWS\SYSTEM32\kernel.appcore.dll
0x00007ff9b0110000 - 0x00007ff9b011a000 	C:\Program Files\Java\jdk-18.0.2\bin\jimage.dll
0x00007ff9b7f90000 - 0x00007ff9b81be000 	C:\WINDOWS\SYSTEM32\DBGHELP.DLL
0x00007ff9c3210000 - 0x00007ff9c359a000 	C:\WINDOWS\System32\combase.dll
0x00007ff9c4060000 - 0x00007ff9c4137000 	C:\WINDOWS\System32\OLEAUT32.dll
0x00007ff9aca30000 - 0x00007ff9aca62000 	C:\WINDOWS\SYSTEM32\dbgcore.DLL
0x00007ff9c23b0000 - 0x00007ff9c242a000 	C:\WINDOWS\System32\bcryptPrimitives.dll
0x00007ff9af4e0000 - 0x00007ff9af505000 	C:\Program Files\Java\jdk-18.0.2\bin\java.dll

dbghelp: loaded successfully - version: 4.0.5 - missing functions: none
symbol engine: initialized successfully - sym options: 0x614 - pdb path: .;C:\Program Files\Java\jdk-18.0.2\bin;C:\WINDOWS\SYSTEM32;C:\WINDOWS\WinSxS\amd64_microsoft.windows.common-controls_6595b64144ccf1df_6.0.22621.2361_none_2712ced57382f843;C:\Program Files\Java\jdk-18.0.2\bin\server

VM Arguments:
jvm_args: -Dfile.encoding=UTF-8 -XX:+ShowCodeDetailsInExceptionMessages 
java_command: bank_management_system.Login
java_class_path (initial): C:\Users\khare\OneDrive\Desktop\JAVA\Project1\bin;C:\Users\khare\Downloads\jcalendar-tz-1.3.3-4.jar;C:\Users\khare\Downloads\mysql-connector-java-8.0.28.jar
Launcher Type: SUN_STANDARD

[Global flags]
     intx CICompilerCount                          = 3                                         {product} {ergonomic}
     uint ConcGCThreads                            = 1                                         {product} {ergonomic}
     uint G1ConcRefinementThreads                  = 4                                         {product} {ergonomic}
   size_t G1HeapRegionSize                         = 1048576                                   {product} {ergonomic}
    uintx GCDrainStackTargetSize                   = 64                                        {product} {ergonomic}
   size_t InitialHeapSize                          = 100663296                                 {product} {ergonomic}
   size_t MarkStackSize                            = 4194304                                   {product} {ergonomic}
   size_t MaxHeapSize                              = 1581252608                                {product} {ergonomic}
   size_t MinHeapDeltaBytes                        = 1048576                                   {product} {ergonomic}
   size_t MinHeapSize                              = 8388608                                   {product} {ergonomic}
    uintx NonNMethodCodeHeapSize                   = 5832780                                {pd product} {ergonomic}
    uintx NonProfiledCodeHeapSize                  = 122912730                              {pd product} {ergonomic}
    uintx ProfiledCodeHeapSize                     = 122912730                              {pd product} {ergonomic}
    uintx ReservedCodeCacheSize                    = 251658240                              {pd product} {ergonomic}
     bool SegmentedCodeCache                       = true                                      {product} {ergonomic}
     bool ShowCodeDetailsInExceptionMessages       = true                                   {manageable} {command line}
   size_t SoftMaxHeapSize                          = 1581252608                             {manageable} {ergonomic}
     bool UseCompressedClassPointers               = true                           {product lp64_product} {ergonomic}
     bool UseCompressedOops                        = true                           {product lp64_product} {ergonomic}
     bool UseG1GC                                  = true                                      {product} {ergonomic}
     bool UseLargePagesIndividualAllocation        = false                                  {pd product} {ergonomic}

Logging:
Log output configuration:
 #0: stdout all=warning uptime,level,tags foldmultilines=false
 #1: stderr all=off uptime,level,tags foldmultilines=false

Environment Variables:
JAVA_HOME=C:\Program Files\Java\jdk-18.0.2
PATH=C:/Program Files/Java/jdk-18.0.2/bin/server;C:/Program Files/Java/jdk-18.0.2/bin;C:\Program Files\Common Files\Oracle\Java\javapath;C:\WINDOWS\system32;C:\WINDOWS;C:\WINDOWS\System32\Wbem;C:\WINDOWS\System32\WindowsPowerShell\v1.0\;C:\WINDOWS\System32\OpenSSH\;C:\MinGW\bin;C:\ProgramData\chocolatey\bin;C:\Program Files\dotnet\;C:\Program Files\Java\jdk-18.0.2\bin;C:\Program Files\nodejs\;C:\Program Files\MongoDB\Server\6.0\bin;C:\Program Files\PowerShell\7\;C:\Program Files\MySQL\MySQL Shell 8.0\bin\;C:\Users\khare\AppData\Local\Microsoft\WindowsApps;C:\Users\khare\AppData\Local\Programs\Microsoft VS Code\bin;C:\Users\khare\AppData\Roaming\npm;C:\Program Files\MongoDB\Server\6.0\bin;;C:\Users\khare\OneDrive\Desktop;
USERNAME=khare
OS=Windows_NT
PROCESSOR_IDENTIFIER=AMD64 Family 23 Model 24 Stepping 1, AuthenticAMD



---------------  S Y S T E M  ---------------

OS:
 Windows 11 , 64 bit Build 22621 (10.0.22621.2428)
OS uptime: 2 days 5:39 hours

CPU: total 4 (initial active 4) (4 cores per cpu, 2 threads per core) family 23 model 24 stepping 1 microcode 0x0, cx8, cmov, fxsr, ht, mmx, 3dnowpref, sse, sse2, sse3, ssse3, sse4a, sse4.1, sse4.2, popcnt, lzcnt, tsc, tscinvbit, avx, avx2, aes, clmul, bmi1, bmi2, adx, sha, fma, vzeroupper, clflush, clflushopt

Memory: 4k page, system-wide physical 6030M (635M free)
TotalPageFile size 23831M (AvailPageFile size 48M)
current process WorkingSet (physical memory assigned to process): 11M, peak: 11M
current process commit charge ("private bytes"): 51M, peak: 147M

vm_info: Java HotSpot(TM) 64-Bit Server VM (18.0.2+9-61) for windows-amd64 JRE (18.0.2+9-61), built on Jun  7 2022 13:09:01 by "mach5one" with MS VC++ 16.8 / 16.9 (VS2019)

END.
