#
# There is insufficient memory for the Java Runtime Environment to continue.
# Native memory allocation (malloc) failed to allocate 44576 bytes for Chunk::new
# Possible reasons:
#   The system is out of physical RAM or swap space
#   The process is running with CompressedOops enabled, and the Java Heap may be blocking the growth of the native heap
# Possible solutions:
#   Reduce memory load on the system
#   Increase physical memory or swap space
#   Check if swap backing store is full
#   Decrease Java heap size (-Xmx/-Xms)
#   Decrease number of Java threads
#   Decrease Java thread stack sizes (-Xss)
#   Set larger code cache with -XX:ReservedCodeCacheSize=
#   JVM is running with Unscaled Compressed Oops mode in which the Java heap is
#     placed in the first 4GB address space. The Java Heap base address is the
#     maximum limit for the native heap growth. Please use -XX:HeapBaseMinAddress
#     to set the Java Heap base and to place the Java Heap above 4GB virtual address.
# This output file may be truncated or incomplete.
#
#  Out of Memory Error (arena.cpp:184), pid=13916, tid=24376
#
# JRE version: Java(TM) SE Runtime Environment (18.0.2+9) (build 18.0.2+9-61)
# Java VM: Java HotSpot(TM) 64-Bit Server VM (18.0.2+9-61, mixed mode, sharing, tiered, compressed oops, compressed class ptrs, g1 gc, windows-amd64)
# No core dump will be written. Minidumps are not enabled by default on client versions of Windows
#

---------------  S U M M A R Y ------------

Command Line: -Dfile.encoding=UTF-8 -XX:+ShowCodeDetailsInExceptionMessages bank_management_system.Login

Host: AMD Ryzen 3 3250U with Radeon Graphics         , 4 cores, 5G,  Windows 11 , 64 bit Build 22621 (10.0.22621.2428)
Time: Sun Oct 15 04:53:30 2023 India Standard Time elapsed time: 0.265160 seconds (0d 0h 0m 0s)

---------------  T H R E A D  ---------------

Current thread (0x00000219b35dbff0):  JavaThread "C2 CompilerThread0" daemon [_thread_in_native, id=24376, stack(0x000000a1d4d00000,0x000000a1d4e00000)]


Current CompileTask:
C2:    265  123       4       java.util.zip.ZipCoder$UTF8ZipCoder::checkedHash (91 bytes)

Stack: [0x000000a1d4d00000,0x000000a1d4e00000]
Native frames: (J=compiled Java code, j=interpreted, Vv=VM code, C=native code)
V  [jvm.dll+0x6993ca]
V  [jvm.dll+0x7f481d]
V  [jvm.dll+0x7f612e]
V  [jvm.dll+0x7f67e3]
V  [jvm.dll+0x25cdaf]
V  [jvm.dll+0xb8c2f]
V  [jvm.dll+0xb8fa5]
V  [jvm.dll+0x2c7cbf]
V  [jvm.dll+0x5a0d8e]
V  [jvm.dll+0x23876e]
V  [jvm.dll+0x231cf5]
V  [jvm.dll+0x22f21b]
V  [jvm.dll+0x1ba01c]
V  [jvm.dll+0x23ec9a]
V  [jvm.dll+0x23cf85]
V  [jvm.dll+0x7a6e21]
V  [jvm.dll+0x7a125a]
V  [jvm.dll+0x698275]
C  [ucrtbase.dll+0x29363]
C  [KERNEL32.DLL+0x1257d]
C  [ntdll.dll+0x5aa78]


---------------  P R O C E S S  ---------------

Threads class SMR info:
_java_thread_list=0x00000219b7866970, length=12, elements={
0x000002199700b8d0, 0x00000219b35b24e0, 0x00000219b35b3140, 0x00000219b35cba00,
0x00000219b35cc2b0, 0x00000219b35cd460, 0x00000219b35cfe10, 0x00000219b35dbff0,
0x00000219b35ffcd0, 0x00000219b36125b0, 0x00000219b7893c00, 0x00000219b7898950
}

Java Threads: ( => current thread )
  0x000002199700b8d0 JavaThread "main" [_thread_in_Java, id=24540, stack(0x000000a1d4000000,0x000000a1d4100000)]
  0x00000219b35b24e0 JavaThread "Reference Handler" daemon [_thread_blocked, id=16740, stack(0x000000a1d4700000,0x000000a1d4800000)]
  0x00000219b35b3140 JavaThread "Finalizer" daemon [_thread_blocked, id=15500, stack(0x000000a1d4800000,0x000000a1d4900000)]
  0x00000219b35cba00 JavaThread "Signal Dispatcher" daemon [_thread_blocked, id=14040, stack(0x000000a1d4900000,0x000000a1d4a00000)]
  0x00000219b35cc2b0 JavaThread "Attach Listener" daemon [_thread_blocked, id=26468, stack(0x000000a1d4a00000,0x000000a1d4b00000)]
  0x00000219b35cd460 JavaThread "Service Thread" daemon [_thread_blocked, id=26276, stack(0x000000a1d4b00000,0x000000a1d4c00000)]
  0x00000219b35cfe10 JavaThread "Monitor Deflation Thread" daemon [_thread_blocked, id=23948, stack(0x000000a1d4c00000,0x000000a1d4d00000)]
=>0x00000219b35dbff0 JavaThread "C2 CompilerThread0" daemon [_thread_in_native, id=24376, stack(0x000000a1d4d00000,0x000000a1d4e00000)]
  0x00000219b35ffcd0 JavaThread "C1 CompilerThread0" daemon [_thread_in_native, id=4492, stack(0x000000a1d4e00000,0x000000a1d4f00000)]
  0x00000219b36125b0 JavaThread "Sweeper thread" daemon [_thread_blocked, id=25876, stack(0x000000a1d4f00000,0x000000a1d5000000)]
  0x00000219b7893c00 JavaThread "Notification Thread" daemon [_thread_blocked, id=25832, stack(0x000000a1d5000000,0x000000a1d5100000)]
  0x00000219b7898950 JavaThread "Common-Cleaner" daemon [_thread_blocked, id=15744, stack(0x000000a1d5200000,0x000000a1d5300000)]

Other Threads:
  0x0000021997075f20 VMThread "VM Thread" [stack: 0x000000a1d4600000,0x000000a1d4700000] [id=16776]
  0x00000219b78940c0 WatcherThread "VM Periodic Task Thread" [stack: 0x000000a1d5100000,0x000000a1d5200000] [id=24336]
  0x000002199705c850 WorkerThread "GC Thread#0" [stack: 0x000000a1d4100000,0x000000a1d4200000] [id=18052]
  0x000002199706abb0 ConcurrentGCThread "G1 Main Marker" [stack: 0x000000a1d4200000,0x000000a1d4300000] [id=21948]
  0x000002199706b5a0 WorkerThread "G1 Conc#0" [stack: 0x000000a1d4300000,0x000000a1d4400000] [id=15828]
  0x00000219970a04c0 ConcurrentGCThread "G1 Refine#0" [stack: 0x000000a1d4400000,0x000000a1d4500000] [id=25388]
  0x00000219970a0dd0 ConcurrentGCThread "G1 Service" [stack: 0x000000a1d4500000,0x000000a1d4600000] [id=25152]

Threads with active compile tasks:
C2 CompilerThread0      338  123       4       java.util.zip.ZipCoder$UTF8ZipCoder::checkedHash (91 bytes)
C1 CompilerThread0      338  234       3       jdk.internal.org.objectweb.asm.Frame::execute (2305 bytes)

VM state: not at safepoint (normal execution)

VM Mutex/Monitor currently owned by a thread: None

Heap address: 0x00000000a1c00000, size: 1508 MB, Compressed Oops mode: 32-bit

CDS archive(s) mapped at: [0x0000000800000000-0x0000000800ba0000-0x0000000800ba0000), size 12189696, SharedBaseAddress: 0x0000000800000000, ArchiveRelocationMode: 0.
Compressed class space mapped at: 0x0000000800c00000-0x0000000840c00000, reserved size: 1073741824
Narrow klass base: 0x0000000800000000, Narrow klass shift: 0, Narrow klass range: 0x100000000

GC Precious Log:
 CardTable entry size: 512
 Card Set container configuration: InlinePtr #cards 5 size 8 Array Of Cards #cards 12 size 40 Howl #buckets 4 coarsen threshold 1843 Howl Bitmap #cards 512 size 80 coarsen threshold 460 Card regions per heap region 1 cards per card region 2048
 CPUs: 4 total, 4 available
 Memory: 6030M
 Large Page Support: Disabled
 NUMA Support: Disabled
 Compressed Oops: Enabled (32-bit)
 Heap Region Size: 1M
 Heap Min Capacity: 8M
 Heap Initial Capacity: 96M
 Heap Max Capacity: 1508M
 Pre-touch: Disabled
 Parallel Workers: 4
 Concurrent Workers: 1
 Concurrent Refinement Workers: 4
 Periodic GC: Disabled

Heap:
 garbage-first heap   total 98304K, used 1024K [0x00000000a1c00000, 0x0000000100000000)
  region size 1024K, 2 young (2048K), 0 survivors (0K)
 Metaspace       used 1141K, committed 1280K, reserved 1114112K
  class space    used 101K, committed 192K, reserved 1048576K

Heap Regions: E=young(eden), S=young(survivor), O=old, HS=humongous(starts), HC=humongous(continues), CS=collection set, F=free, OA=open archive, CA=closed archive, TAMS=top-at-mark-start (previous, next)
|   0|0x00000000a1c00000, 0x00000000a1c00000, 0x00000000a1d00000|  0%| F|  |TAMS 0x00000000a1c00000, 0x00000000a1c00000| Untracked 
|   1|0x00000000a1d00000, 0x00000000a1d00000, 0x00000000a1e00000|  0%| F|  |TAMS 0x00000000a1d00000, 0x00000000a1d00000| Untracked 
|   2|0x00000000a1e00000, 0x00000000a1e00000, 0x00000000a1f00000|  0%| F|  |TAMS 0x00000000a1e00000, 0x00000000a1e00000| Untracked 
|   3|0x00000000a1f00000, 0x00000000a1f00000, 0x00000000a2000000|  0%| F|  |TAMS 0x00000000a1f00000, 0x00000000a1f00000| Untracked 
|   4|0x00000000a2000000, 0x00000000a2000000, 0x00000000a2100000|  0%| F|  |TAMS 0x00000000a2000000, 0x00000000a2000000| Untracked 
|   5|0x00000000a2100000, 0x00000000a2100000, 0x00000000a2200000|  0%| F|  |TAMS 0x00000000a2100000, 0x00000000a2100000| Untracked 
|   6|0x00000000a2200000, 0x00000000a2200000, 0x00000000a2300000|  0%| F|  |TAMS 0x00000000a2200000, 0x00000000a2200000| Untracked 
|   7|0x00000000a2300000, 0x00000000a2300000, 0x00000000a2400000|  0%| F|  |TAMS 0x00000000a2300000, 0x00000000a2300000| Untracked 
|   8|0x00000000a2400000, 0x00000000a2400000, 0x00000000a2500000|  0%| F|  |TAMS 0x00000000a2400000, 0x00000000a2400000| Untracked 
|   9|0x00000000a2500000, 0x00000000a2500000, 0x00000000a2600000|  0%| F|  |TAMS 0x00000000a2500000, 0x00000000a2500000| Untracked 
|  10|0x00000000a2600000, 0x00000000a2600000, 0x00000000a2700000|  0%| F|  |TAMS 0x00000000a2600000, 0x00000000a2600000| Untracked 
|  11|0x00000000a2700000, 0x00000000a2700000, 0x00000000a2800000|  0%| F|  |TAMS 0x00000000a2700000, 0x00000000a2700000| Untracked 
|  12|0x00000000a2800000, 0x00000000a2800000, 0x00000000a2900000|  0%| F|  |TAMS 0x00000000a2800000, 0x00000000a2800000| Untracked 
|  13|0x00000000a2900000, 0x00000000a2900000, 0x00000000a2a00000|  0%| F|  |TAMS 0x00000000a2900000, 0x00000000a2900000| Untracked 
|  14|0x00000000a2a00000, 0x00000000a2a00000, 0x00000000a2b00000|  0%| F|  |TAMS 0x00000000a2a00000, 0x00000000a2a00000| Untracked 
|  15|0x00000000a2b00000, 0x00000000a2b00000, 0x00000000a2c00000|  0%| F|  |TAMS 0x00000000a2b00000, 0x00000000a2b00000| Untracked 
|  16|0x00000000a2c00000, 0x00000000a2c00000, 0x00000000a2d00000|  0%| F|  |TAMS 0x00000000a2c00000, 0x00000000a2c00000| Untracked 
|  17|0x00000000a2d00000, 0x00000000a2d00000, 0x00000000a2e00000|  0%| F|  |TAMS 0x00000000a2d00000, 0x00000000a2d00000| Untracked 
|  18|0x00000000a2e00000, 0x00000000a2e00000, 0x00000000a2f00000|  0%| F|  |TAMS 0x00000000a2e00000, 0x00000000a2e00000| Untracked 
|  19|0x00000000a2f00000, 0x00000000a2f00000, 0x00000000a3000000|  0%| F|  |TAMS 0x00000000a2f00000, 0x00000000a2f00000| Untracked 
|  20|0x00000000a3000000, 0x00000000a3000000, 0x00000000a3100000|  0%| F|  |TAMS 0x00000000a3000000, 0x00000000a3000000| Untracked 
|  21|0x00000000a3100000, 0x00000000a3100000, 0x00000000a3200000|  0%| F|  |TAMS 0x00000000a3100000, 0x00000000a3100000| Untracked 
|  22|0x00000000a3200000, 0x00000000a3200000, 0x00000000a3300000|  0%| F|  |TAMS 0x00000000a3200000, 0x00000000a3200000| Untracked 
|  23|0x00000000a3300000, 0x00000000a3300000, 0x00000000a3400000|  0%| F|  |TAMS 0x00000000a3300000, 0x00000000a3300000| Untracked 
|  24|0x00000000a3400000, 0x00000000a3400000, 0x00000000a3500000|  0%| F|  |TAMS 0x00000000a3400000, 0x00000000a3400000| Untracked 
|  25|0x00000000a3500000, 0x00000000a3500000, 0x00000000a3600000|  0%| F|  |TAMS 0x00000000a3500000, 0x00000000a3500000| Untracked 
|  26|0x00000000a3600000, 0x00000000a3600000, 0x00000000a3700000|  0%| F|  |TAMS 0x00000000a3600000, 0x00000000a3600000| Untracked 
|  27|0x00000000a3700000, 0x00000000a3700000, 0x00000000a3800000|  0%| F|  |TAMS 0x00000000a3700000, 0x00000000a3700000| Untracked 
|  28|0x00000000a3800000, 0x00000000a3800000, 0x00000000a3900000|  0%| F|  |TAMS 0x00000000a3800000, 0x00000000a3800000| Untracked 
|  29|0x00000000a3900000, 0x00000000a3900000, 0x00000000a3a00000|  0%| F|  |TAMS 0x00000000a3900000, 0x00000000a3900000| Untracked 
|  30|0x00000000a3a00000, 0x00000000a3a00000, 0x00000000a3b00000|  0%| F|  |TAMS 0x00000000a3a00000, 0x00000000a3a00000| Untracked 
|  31|0x00000000a3b00000, 0x00000000a3b00000, 0x00000000a3c00000|  0%| F|  |TAMS 0x00000000a3b00000, 0x00000000a3b00000| Untracked 
|  32|0x00000000a3c00000, 0x00000000a3c00000, 0x00000000a3d00000|  0%| F|  |TAMS 0x00000000a3c00000, 0x00000000a3c00000| Untracked 
|  33|0x00000000a3d00000, 0x00000000a3d00000, 0x00000000a3e00000|  0%| F|  |TAMS 0x00000000a3d00000, 0x00000000a3d00000| Untracked 
|  34|0x00000000a3e00000, 0x00000000a3e00000, 0x00000000a3f00000|  0%| F|  |TAMS 0x00000000a3e00000, 0x00000000a3e00000| Untracked 
|  35|0x00000000a3f00000, 0x00000000a3f00000, 0x00000000a4000000|  0%| F|  |TAMS 0x00000000a3f00000, 0x00000000a3f00000| Untracked 
|  36|0x00000000a4000000, 0x00000000a4000000, 0x00000000a4100000|  0%| F|  |TAMS 0x00000000a4000000, 0x00000000a4000000| Untracked 
|  37|0x00000000a4100000, 0x00000000a4100000, 0x00000000a4200000|  0%| F|  |TAMS 0x00000000a4100000, 0x00000000a4100000| Untracked 
|  38|0x00000000a4200000, 0x00000000a4200000, 0x00000000a4300000|  0%| F|  |TAMS 0x00000000a4200000, 0x00000000a4200000| Untracked 
|  39|0x00000000a4300000, 0x00000000a4300000, 0x00000000a4400000|  0%| F|  |TAMS 0x00000000a4300000, 0x00000000a4300000| Untracked 
|  40|0x00000000a4400000, 0x00000000a4400000, 0x00000000a4500000|  0%| F|  |TAMS 0x00000000a4400000, 0x00000000a4400000| Untracked 
|  41|0x00000000a4500000, 0x00000000a4500000, 0x00000000a4600000|  0%| F|  |TAMS 0x00000000a4500000, 0x00000000a4500000| Untracked 
|  42|0x00000000a4600000, 0x00000000a4600000, 0x00000000a4700000|  0%| F|  |TAMS 0x00000000a4600000, 0x00000000a4600000| Untracked 
|  43|0x00000000a4700000, 0x00000000a4700000, 0x00000000a4800000|  0%| F|  |TAMS 0x00000000a4700000, 0x00000000a4700000| Untracked 
|  44|0x00000000a4800000, 0x00000000a4800000, 0x00000000a4900000|  0%| F|  |TAMS 0x00000000a4800000, 0x00000000a4800000| Untracked 
|  45|0x00000000a4900000, 0x00000000a4900000, 0x00000000a4a00000|  0%| F|  |TAMS 0x00000000a4900000, 0x00000000a4900000| Untracked 
|  46|0x00000000a4a00000, 0x00000000a4a00000, 0x00000000a4b00000|  0%| F|  |TAMS 0x00000000a4a00000, 0x00000000a4a00000| Untracked 
|  47|0x00000000a4b00000, 0x00000000a4b00000, 0x00000000a4c00000|  0%| F|  |TAMS 0x00000000a4b00000, 0x00000000a4b00000| Untracked 
|  48|0x00000000a4c00000, 0x00000000a4c00000, 0x00000000a4d00000|  0%| F|  |TAMS 0x00000000a4c00000, 0x00000000a4c00000| Untracked 
|  49|0x00000000a4d00000, 0x00000000a4d00000, 0x00000000a4e00000|  0%| F|  |TAMS 0x00000000a4d00000, 0x00000000a4d00000| Untracked 
|  50|0x00000000a4e00000, 0x00000000a4e00000, 0x00000000a4f00000|  0%| F|  |TAMS 0x00000000a4e00000, 0x00000000a4e00000| Untracked 
|  51|0x00000000a4f00000, 0x00000000a4f00000, 0x00000000a5000000|  0%| F|  |TAMS 0x00000000a4f00000, 0x00000000a4f00000| Untracked 
|  52|0x00000000a5000000, 0x00000000a5000000, 0x00000000a5100000|  0%| F|  |TAMS 0x00000000a5000000, 0x00000000a5000000| Untracked 
|  53|0x00000000a5100000, 0x00000000a5100000, 0x00000000a5200000|  0%| F|  |TAMS 0x00000000a5100000, 0x00000000a5100000| Untracked 
|  54|0x00000000a5200000, 0x00000000a5200000, 0x00000000a5300000|  0%| F|  |TAMS 0x00000000a5200000, 0x00000000a5200000| Untracked 
|  55|0x00000000a5300000, 0x00000000a5300000, 0x00000000a5400000|  0%| F|  |TAMS 0x00000000a5300000, 0x00000000a5300000| Untracked 
|  56|0x00000000a5400000, 0x00000000a5400000, 0x00000000a5500000|  0%| F|  |TAMS 0x00000000a5400000, 0x00000000a5400000| Untracked 
|  57|0x00000000a5500000, 0x00000000a5500000, 0x00000000a5600000|  0%| F|  |TAMS 0x00000000a5500000, 0x00000000a5500000| Untracked 
|  58|0x00000000a5600000, 0x00000000a5600000, 0x00000000a5700000|  0%| F|  |TAMS 0x00000000a5600000, 0x00000000a5600000| Untracked 
|  59|0x00000000a5700000, 0x00000000a5700000, 0x00000000a5800000|  0%| F|  |TAMS 0x00000000a5700000, 0x00000000a5700000| Untracked 
|  60|0x00000000a5800000, 0x00000000a5800000, 0x00000000a5900000|  0%| F|  |TAMS 0x00000000a5800000, 0x00000000a5800000| Untracked 
|  61|0x00000000a5900000, 0x00000000a5900000, 0x00000000a5a00000|  0%| F|  |TAMS 0x00000000a5900000, 0x00000000a5900000| Untracked 
|  62|0x00000000a5a00000, 0x00000000a5a00000, 0x00000000a5b00000|  0%| F|  |TAMS 0x00000000a5a00000, 0x00000000a5a00000| Untracked 
|  63|0x00000000a5b00000, 0x00000000a5b00000, 0x00000000a5c00000|  0%| F|  |TAMS 0x00000000a5b00000, 0x00000000a5b00000| Untracked 
|  64|0x00000000a5c00000, 0x00000000a5c00000, 0x00000000a5d00000|  0%| F|  |TAMS 0x00000000a5c00000, 0x00000000a5c00000| Untracked 
|  65|0x00000000a5d00000, 0x00000000a5d00000, 0x00000000a5e00000|  0%| F|  |TAMS 0x00000000a5d00000, 0x00000000a5d00000| Untracked 
|  66|0x00000000a5e00000, 0x00000000a5e00000, 0x00000000a5f00000|  0%| F|  |TAMS 0x00000000a5e00000, 0x00000000a5e00000| Untracked 
|  67|0x00000000a5f00000, 0x00000000a5f00000, 0x00000000a6000000|  0%| F|  |TAMS 0x00000000a5f00000, 0x00000000a5f00000| Untracked 
|  68|0x00000000a6000000, 0x00000000a6000000, 0x00000000a6100000|  0%| F|  |TAMS 0x00000000a6000000, 0x00000000a6000000| Untracked 
|  69|0x00000000a6100000, 0x00000000a6100000, 0x00000000a6200000|  0%| F|  |TAMS 0x00000000a6100000, 0x00000000a6100000| Untracked 
|  70|0x00000000a6200000, 0x00000000a6200000, 0x00000000a6300000|  0%| F|  |TAMS 0x00000000a6200000, 0x00000000a6200000| Untracked 
|  71|0x00000000a6300000, 0x00000000a6300000, 0x00000000a6400000|  0%| F|  |TAMS 0x00000000a6300000, 0x00000000a6300000| Untracked 
|  72|0x00000000a6400000, 0x00000000a6400000, 0x00000000a6500000|  0%| F|  |TAMS 0x00000000a6400000, 0x00000000a6400000| Untracked 
|  73|0x00000000a6500000, 0x00000000a6500000, 0x00000000a6600000|  0%| F|  |TAMS 0x00000000a6500000, 0x00000000a6500000| Untracked 
|  74|0x00000000a6600000, 0x00000000a6600000, 0x00000000a6700000|  0%| F|  |TAMS 0x00000000a6600000, 0x00000000a6600000| Untracked 
|  75|0x00000000a6700000, 0x00000000a6700000, 0x00000000a6800000|  0%| F|  |TAMS 0x00000000a6700000, 0x00000000a6700000| Untracked 
|  76|0x00000000a6800000, 0x00000000a6800000, 0x00000000a6900000|  0%| F|  |TAMS 0x00000000a6800000, 0x00000000a6800000| Untracked 
|  77|0x00000000a6900000, 0x00000000a6900000, 0x00000000a6a00000|  0%| F|  |TAMS 0x00000000a6900000, 0x00000000a6900000| Untracked 
|  78|0x00000000a6a00000, 0x00000000a6a00000, 0x00000000a6b00000|  0%| F|  |TAMS 0x00000000a6a00000, 0x00000000a6a00000| Untracked 
|  79|0x00000000a6b00000, 0x00000000a6b00000, 0x00000000a6c00000|  0%| F|  |TAMS 0x00000000a6b00000, 0x00000000a6b00000| Untracked 
|  80|0x00000000a6c00000, 0x00000000a6c00000, 0x00000000a6d00000|  0%| F|  |TAMS 0x00000000a6c00000, 0x00000000a6c00000| Untracked 
|  81|0x00000000a6d00000, 0x00000000a6d00000, 0x00000000a6e00000|  0%| F|  |TAMS 0x00000000a6d00000, 0x00000000a6d00000| Untracked 
|  82|0x00000000a6e00000, 0x00000000a6e00000, 0x00000000a6f00000|  0%| F|  |TAMS 0x00000000a6e00000, 0x00000000a6e00000| Untracked 
|  83|0x00000000a6f00000, 0x00000000a6f00000, 0x00000000a7000000|  0%| F|  |TAMS 0x00000000a6f00000, 0x00000000a6f00000| Untracked 
|  84|0x00000000a7000000, 0x00000000a7000000, 0x00000000a7100000|  0%| F|  |TAMS 0x00000000a7000000, 0x00000000a7000000| Untracked 
|  85|0x00000000a7100000, 0x00000000a7100000, 0x00000000a7200000|  0%| F|  |TAMS 0x00000000a7100000, 0x00000000a7100000| Untracked 
|  86|0x00000000a7200000, 0x00000000a7200000, 0x00000000a7300000|  0%| F|  |TAMS 0x00000000a7200000, 0x00000000a7200000| Untracked 
|  87|0x00000000a7300000, 0x00000000a7300000, 0x00000000a7400000|  0%| F|  |TAMS 0x00000000a7300000, 0x00000000a7300000| Untracked 
|  88|0x00000000a7400000, 0x00000000a7400000, 0x00000000a7500000|  0%| F|  |TAMS 0x00000000a7400000, 0x00000000a7400000| Untracked 
|  89|0x00000000a7500000, 0x00000000a7500000, 0x00000000a7600000|  0%| F|  |TAMS 0x00000000a7500000, 0x00000000a7500000| Untracked 
|  90|0x00000000a7600000, 0x00000000a7600000, 0x00000000a7700000|  0%| F|  |TAMS 0x00000000a7600000, 0x00000000a7600000| Untracked 
|  91|0x00000000a7700000, 0x00000000a7700000, 0x00000000a7800000|  0%| F|  |TAMS 0x00000000a7700000, 0x00000000a7700000| Untracked 
|  92|0x00000000a7800000, 0x00000000a7800000, 0x00000000a7900000|  0%| F|  |TAMS 0x00000000a7800000, 0x00000000a7800000| Untracked 
|  93|0x00000000a7900000, 0x00000000a7900000, 0x00000000a7a00000|  0%| F|  |TAMS 0x00000000a7900000, 0x00000000a7900000| Untracked 
|  94|0x00000000a7a00000, 0x00000000a7b00000, 0x00000000a7b00000|100%| E|  |TAMS 0x00000000a7a00000, 0x00000000a7a00000| Complete 
|  95|0x00000000a7b00000, 0x00000000a7c00000, 0x00000000a7c00000|100%| E|CS|TAMS 0x00000000a7b00000, 0x00000000a7b00000| Complete 

Card table byte_map: [0x00000219adc40000,0x00000219adf40000] _byte_map_base: 0x00000219ad732000

Marking Bits (Prev, Next): (CMBitMap*) 0x000002199705ce50, (CMBitMap*) 0x000002199705ce90
 Prev Bits: [0x00000219ae240000, 0x00000219af9d0000)
 Next Bits: [0x00000219af9d0000, 0x00000219b1160000)

Polling page: 0x00000219967d0000

Metaspace:

Usage:
  Non-class:      1.05 MB used.
      Class:    108.63 KB used.
       Both:      1.16 MB used.

Virtual space:
  Non-class space:       64.00 MB reserved,       1.12 MB (  2%) committed,  1 nodes.
      Class space:        1.00 GB reserved,     192.00 KB ( <1%) committed,  1 nodes.
             Both:        1.06 GB reserved,       1.31 MB ( <1%) committed. 

Chunk freelists:
   Non-Class:  3.95 MB
       Class:  3.72 MB
        Both:  7.67 MB

MaxMetaspaceSize: unlimited
CompressedClassSpaceSize: 1.00 GB
Initial GC threshold: 21.00 MB
Current GC threshold: 21.00 MB
CDS: on
MetaspaceReclaimPolicy: balanced
 - commit_granule_bytes: 65536.
 - commit_granule_words: 8192.
 - virtual_space_node_default_size: 8388608.
 - enlarge_chunks_in_place: 1.
 - new_chunks_are_fully_committed: 0.
 - uncommit_free_chunks: 1.
 - use_allocation_guard: 0.


Internal statistics:

num_allocs_failed_limit: 0.
num_arena_births: 46.
num_arena_deaths: 0.
num_vsnodes_births: 2.
num_vsnodes_deaths: 0.
num_space_committed: 21.
num_space_uncommitted: 0.
num_chunks_returned_to_freelist: 0.
num_chunks_taken_from_freelist: 49.
num_chunk_merges: 0.
num_chunk_splits: 34.
num_chunks_enlarged: 21.
num_inconsistent_stats: 0.

CodeHeap 'non-profiled nmethods': size=120000Kb used=74Kb max_used=74Kb free=119925Kb
 bounds [0x00000219a6410000, 0x00000219a6680000, 0x00000219ad940000]
CodeHeap 'profiled nmethods': size=120000Kb used=250Kb max_used=250Kb free=119749Kb
 bounds [0x000002199eee0000, 0x000002199f150000, 0x00000219a6410000]
CodeHeap 'non-nmethods': size=5760Kb used=1117Kb max_used=1124Kb free=4642Kb
 bounds [0x000002199e940000, 0x000002199ebb0000, 0x000002199eee0000]
 total_blobs=621 nmethods=235 adapters=299
 compilation: enabled
              stopped_count=0, restarted_count=0
 full_count=0

Compilation events (20 events):
Event: 0.257 Thread 0x00000219b35ffcd0  110       3       java.util.zip.ZipCoder$UTF8ZipCoder::checkedHash (91 bytes)
Event: 0.257 Thread 0x00000219b35dbff0  111       4       java.util.zip.ZipUtils::SH (21 bytes)
Event: 0.257 Thread 0x00000219b35ffcd0 nmethod 110 0x000002199ef01390 code [0x000002199ef01580, 0x000002199ef01998]
Event: 0.257 Thread 0x00000219b35ffcd0  112       3       java.util.zip.ZipUtils::LG (22 bytes)
Event: 0.257 Thread 0x00000219b35ffcd0 nmethod 112 0x000002199ef01b90 code [0x000002199ef01d40, 0x000002199ef01fb8]
Event: 0.257 Thread 0x00000219b35ffcd0  113       3       java.util.zip.ZipUtils::CENNAM (9 bytes)
Event: 0.257 Thread 0x00000219b35ffcd0 nmethod 113 0x000002199ef02110 code [0x000002199ef022a0, 0x000002199ef02458]
Event: 0.258 Thread 0x00000219b35ffcd0  115       3       java.util.zip.ZipUtils::CENHOW (9 bytes)
Event: 0.258 Thread 0x00000219b35ffcd0 nmethod 115 0x000002199ef02590 code [0x000002199ef02720, 0x000002199ef028d8]
Event: 0.258 Thread 0x00000219b35ffcd0  114       3       java.util.zip.ZipFile$Source::zipCoderForPos (39 bytes)
Event: 0.258 Thread 0x00000219b35ffcd0 nmethod 114 0x000002199ef02a10 code [0x000002199ef02be0, 0x000002199ef02fc8]
Event: 0.258 Thread 0x00000219b35ffcd0  116       3       java.util.zip.ZipUtils::CENFLG (9 bytes)
Event: 0.258 Thread 0x00000219b35dbff0 nmethod 111 0x00000219a6416890 code [0x00000219a6416a00, 0x00000219a6416ab8]
Event: 0.258 Thread 0x00000219b35ffcd0 nmethod 116 0x000002199ef03190 code [0x000002199ef03320, 0x000002199ef034d8]
Event: 0.258 Thread 0x00000219b35ffcd0  117       3       java.util.zip.ZipUtils::CENCOM (9 bytes)
Event: 0.258 Thread 0x00000219b35ffcd0 nmethod 117 0x000002199ef03610 code [0x000002199ef037a0, 0x000002199ef03958]
Event: 0.258 Thread 0x00000219b35ffcd0  118       3       java.util.zip.ZipUtils::CENEXT (9 bytes)
Event: 0.258 Thread 0x00000219b35dbff0  123       4       java.util.zip.ZipCoder$UTF8ZipCoder::checkedHash (91 bytes)
Event: 0.259 Thread 0x00000219b35ffcd0 nmethod 118 0x000002199ef03a90 code [0x000002199ef03c20, 0x000002199ef03dd8]
Event: 0.259 Thread 0x00000219b35ffcd0  119   !   3       java.util.zip.ZipFile$Source::checkAndAddEntry (209 bytes)

GC Heap History (0 events):
No events

Deoptimization events (0 events):
No events

Classes loaded (20 events):
Event: 0.188 Loading class javax/swing/AbstractButton done
Event: 0.189 Loading class javax/swing/JButton done
Event: 0.189 Loading class java/awt/event/ActionEvent
Event: 0.189 Loading class java/awt/AWTEvent
Event: 0.189 Loading class java/util/EventObject
Event: 0.189 Loading class java/util/EventObject done
Event: 0.189 Loading class java/awt/AWTEvent done
Event: 0.189 Loading class java/awt/event/ActionEvent done
Event: 0.190 Loading class sun/util/logging/PlatformLogger
Event: 0.190 Loading class sun/util/logging/PlatformLogger done
Event: 0.190 Loading class sun/util/logging/PlatformLogger$Level
Event: 0.190 Loading class sun/util/logging/PlatformLogger$Level done
Event: 0.190 Loading class java/lang/System$Logger$Level
Event: 0.190 Loading class java/lang/System$Logger$Level done
Event: 0.190 Loading class jdk/internal/logger/LazyLoggers
Event: 0.191 Loading class jdk/internal/logger/LazyLoggers done
Event: 0.191 Loading class jdk/internal/logger/LazyLoggers$1
Event: 0.191 Loading class jdk/internal/logger/LazyLoggers$1 done
Event: 0.191 Loading class jdk/internal/logger/LazyLoggers$LazyLoggerFactories
Event: 0.191 Loading class jdk/internal/logger/LazyLoggers$LazyLoggerFactories done

Classes unloaded (0 events):
No events

Classes redefined (0 events):
No events

Internal exceptions (0 events):
No events

VM Operations (0 events):
No events

Events (19 events):
Event: 0.023 Loaded shared library C:\Program Files\Java\jdk-18.0.2\bin\java.dll
Event: 0.046 Loaded shared library C:\Program Files\Java\jdk-18.0.2\bin\jsvml.dll
Event: 0.047 Thread 0x000002199700b8d0 Thread added: 0x000002199700b8d0
Event: 0.051 Thread 0x00000219b35b24e0 Thread added: 0x00000219b35b24e0
Event: 0.052 Thread 0x00000219b35b3140 Thread added: 0x00000219b35b3140
Event: 0.078 Thread 0x00000219b35cba00 Thread added: 0x00000219b35cba00
Event: 0.078 Thread 0x00000219b35cc2b0 Thread added: 0x00000219b35cc2b0
Event: 0.078 Thread 0x00000219b35cd460 Thread added: 0x00000219b35cd460
Event: 0.078 Thread 0x00000219b35cfe10 Thread added: 0x00000219b35cfe10
Event: 0.079 Thread 0x00000219b35dbff0 Thread added: 0x00000219b35dbff0
Event: 0.079 Thread 0x00000219b35ffcd0 Thread added: 0x00000219b35ffcd0
Event: 0.079 Thread 0x00000219b36125b0 Thread added: 0x00000219b36125b0
Event: 0.119 Thread 0x00000219b7893c00 Thread added: 0x00000219b7893c00
Event: 0.129 Thread 0x00000219b7898950 Thread added: 0x00000219b7898950
Event: 0.179 Loaded shared library C:\Program Files\Java\jdk-18.0.2\bin\verify.dll
Event: 0.227 Loaded shared library C:\Program Files\Java\jdk-18.0.2\bin\jimage.dll
Event: 0.242 Loaded shared library C:\Program Files\Java\jdk-18.0.2\bin\net.dll
Event: 0.247 Loaded shared library C:\Program Files\Java\jdk-18.0.2\bin\nio.dll
Event: 0.253 Loaded shared library C:\Program Files\Java\jdk-18.0.2\bin\zip.dll


Dynamic libraries:
0x00007ff794aa0000 - 0x00007ff794ab0000 	C:\Program Files\Java\jdk-18.0.2\bin\javaw.exe
0x00007ff9c4c10000 - 0x00007ff9c4e27000 	C:\WINDOWS\SYSTEM32\ntdll.dll
0x00007ff9c43c0000 - 0x00007ff9c4484000 	C:\WINDOWS\System32\KERNEL32.DLL
0x00007ff9c1f90000 - 0x00007ff9c2336000 	C:\WINDOWS\System32\KERNELBASE.dll
0x00007ff9c2430000 - 0x00007ff9c2541000 	C:\WINDOWS\System32\ucrtbase.dll
0x00007ff9b03b0000 - 0x00007ff9b03c8000 	C:\Program Files\Java\jdk-18.0.2\bin\jli.dll
0x00007ff9af8a0000 - 0x00007ff9af8ba000 	C:\Program Files\Java\jdk-18.0.2\bin\VCRUNTIME140.dll
0x00007ff9c4a80000 - 0x00007ff9c4b30000 	C:\WINDOWS\System32\ADVAPI32.dll
0x00007ff9c2c40000 - 0x00007ff9c2ce7000 	C:\WINDOWS\System32\msvcrt.dll
0x00007ff9c4750000 - 0x00007ff9c47f6000 	C:\WINDOWS\System32\sechost.dll
0x00007ff9c4140000 - 0x00007ff9c4257000 	C:\WINDOWS\System32\RPCRT4.dll
0x00007ff9c4890000 - 0x00007ff9c4a3d000 	C:\WINDOWS\System32\USER32.dll
0x00007ff9c2550000 - 0x00007ff9c2576000 	C:\WINDOWS\System32\win32u.dll
0x00007ff9c2970000 - 0x00007ff9c2999000 	C:\WINDOWS\System32\GDI32.dll
0x00007ff9b3a20000 - 0x00007ff9b3cb3000 	C:\WINDOWS\WinSxS\amd64_microsoft.windows.common-controls_6595b64144ccf1df_6.0.22621.2361_none_2712ced57382f843\COMCTL32.dll
0x00007ff9c2580000 - 0x00007ff9c2698000 	C:\WINDOWS\System32\gdi32full.dll
0x00007ff9c26a0000 - 0x00007ff9c273a000 	C:\WINDOWS\System32\msvcp_win.dll
0x00007ff9b7400000 - 0x00007ff9b740a000 	C:\WINDOWS\SYSTEM32\VERSION.dll
0x00007ff9c4a40000 - 0x00007ff9c4a71000 	C:\WINDOWS\System32\IMM32.DLL
0x00007ff9b2650000 - 0x00007ff9b265c000 	C:\Program Files\Java\jdk-18.0.2\bin\vcruntime140_1.dll
0x00007ff97d2c0000 - 0x00007ff97d34d000 	C:\Program Files\Java\jdk-18.0.2\bin\msvcp140.dll
0x00007ff92ded0000 - 0x00007ff92eae1000 	C:\Program Files\Java\jdk-18.0.2\bin\server\jvm.dll
0x00007ff9c3f50000 - 0x00007ff9c3f58000 	C:\WINDOWS\System32\PSAPI.DLL
0x00007ff9b9890000 - 0x00007ff9b98c4000 	C:\WINDOWS\SYSTEM32\WINMM.dll
0x00007ff957e60000 - 0x00007ff957e69000 	C:\WINDOWS\SYSTEM32\WSOCK32.dll
0x00007ff9c4b40000 - 0x00007ff9c4bb1000 	C:\WINDOWS\System32\WS2_32.dll
0x00007ff9c0fd0000 - 0x00007ff9c0fe8000 	C:\WINDOWS\SYSTEM32\kernel.appcore.dll
0x00007ff9b0110000 - 0x00007ff9b011a000 	C:\Program Files\Java\jdk-18.0.2\bin\jimage.dll
0x00007ff9b7f90000 - 0x00007ff9b81be000 	C:\WINDOWS\SYSTEM32\DBGHELP.DLL
0x00007ff9c3210000 - 0x00007ff9c359a000 	C:\WINDOWS\System32\combase.dll
0x00007ff9c4060000 - 0x00007ff9c4137000 	C:\WINDOWS\System32\OLEAUT32.dll
0x00007ff9aca30000 - 0x00007ff9aca62000 	C:\WINDOWS\SYSTEM32\dbgcore.DLL
0x00007ff9c23b0000 - 0x00007ff9c242a000 	C:\WINDOWS\System32\bcryptPrimitives.dll
0x00007ff9af4e0000 - 0x00007ff9af505000 	C:\Program Files\Java\jdk-18.0.2\bin\java.dll
0x00007ff97ee30000 - 0x00007ff97ef06000 	C:\Program Files\Java\jdk-18.0.2\bin\jsvml.dll
0x00007ff9c36f0000 - 0x00007ff9c3f48000 	C:\WINDOWS\System32\SHELL32.dll
0x00007ff9bfef0000 - 0x00007ff9c07e2000 	C:\WINDOWS\SYSTEM32\windows.storage.dll
0x00007ff9bfdb0000 - 0x00007ff9bfeee000 	C:\WINDOWS\SYSTEM32\wintypes.dll
0x00007ff9c3f60000 - 0x00007ff9c4053000 	C:\WINDOWS\System32\SHCORE.dll
0x00007ff9c4260000 - 0x00007ff9c42be000 	C:\WINDOWS\System32\shlwapi.dll
0x00007ff9c1ec0000 - 0x00007ff9c1ee6000 	C:\WINDOWS\SYSTEM32\profapi.dll
0x00007ff9bd370000 - 0x00007ff9bd380000 	C:\Program Files\Java\jdk-18.0.2\bin\verify.dll
0x00007ff9af020000 - 0x00007ff9af033000 	C:\Program Files\Java\jdk-18.0.2\bin\net.dll
0x00007ff9b92c0000 - 0x00007ff9b93f7000 	C:\WINDOWS\SYSTEM32\WINHTTP.dll
0x00007ff9c1450000 - 0x00007ff9c14b9000 	C:\WINDOWS\system32\mswsock.dll
0x00007ff9aecf0000 - 0x00007ff9aed06000 	C:\Program Files\Java\jdk-18.0.2\bin\nio.dll
0x00007ff9aecd0000 - 0x00007ff9aece8000 	C:\Program Files\Java\jdk-18.0.2\bin\zip.dll
0x00007ff97d130000 - 0x00007ff97d2bf000 	C:\Program Files\Java\jdk-18.0.2\bin\awt.dll
0x00007ff9bf380000 - 0x00007ff9bf417000 	C:\WINDOWS\SYSTEM32\apphelp.dll

dbghelp: loaded successfully - version: 4.0.5 - missing functions: none
symbol engine: initialized successfully - sym options: 0x614 - pdb path: .;C:\Program Files\Java\jdk-18.0.2\bin;C:\WINDOWS\SYSTEM32;C:\WINDOWS\WinSxS\amd64_microsoft.windows.common-controls_6595b64144ccf1df_6.0.22621.2361_none_2712ced57382f843;C:\Program Files\Java\jdk-18.0.2\bin\server

VM Arguments:
jvm_args: -Dfile.encoding=UTF-8 -XX:+ShowCodeDetailsInExceptionMessages 
java_command: bank_management_system.Login
java_class_path (initial): C:\Users\khare\OneDrive\Desktop\JAVA\Project1\bin;C:\Users\khare\Downloads\jcalendar-tz-1.3.3-4.jar;C:\Users\khare\Downloads\mysql-connector-java-8.0.28.jar
Launcher Type: SUN_STANDARD

[Global flags]
     intx CICompilerCount                          = 3                                         {product} {ergonomic}
     uint ConcGCThreads                            = 1                                         {product} {ergonomic}
     uint G1ConcRefinementThreads                  = 4                                         {product} {ergonomic}
   size_t G1HeapRegionSize                         = 1048576                                   {product} {ergonomic}
    uintx GCDrainStackTargetSize                   = 64                                        {product} {ergonomic}
   size_t InitialHeapSize                          = 100663296                                 {product} {ergonomic}
   size_t MarkStackSize                            = 4194304                                   {product} {ergonomic}
   size_t MaxHeapSize                              = 1581252608                                {product} {ergonomic}
   size_t MaxNewSize                               = 947912704                                 {product} {ergonomic}
   size_t MinHeapDeltaBytes                        = 1048576                                   {product} {ergonomic}
   size_t MinHeapSize                              = 8388608                                   {product} {ergonomic}
    uintx NonNMethodCodeHeapSize                   = 5832780                                {pd product} {ergonomic}
    uintx NonProfiledCodeHeapSize                  = 122912730                              {pd product} {ergonomic}
    uintx ProfiledCodeHeapSize                     = 122912730                              {pd product} {ergonomic}
    uintx ReservedCodeCacheSize                    = 251658240                              {pd product} {ergonomic}
     bool SegmentedCodeCache                       = true                                      {product} {ergonomic}
     bool ShowCodeDetailsInExceptionMessages       = true                                   {manageable} {command line}
   size_t SoftMaxHeapSize                          = 1581252608                             {manageable} {ergonomic}
     bool UseCompressedClassPointers               = true                           {product lp64_product} {ergonomic}
     bool UseCompressedOops                        = true                           {product lp64_product} {ergonomic}
     bool UseG1GC                                  = true                                      {product} {ergonomic}
     bool UseLargePagesIndividualAllocation        = false                                  {pd product} {ergonomic}

Logging:
Log output configuration:
 #0: stdout all=warning uptime,level,tags foldmultilines=false
 #1: stderr all=off uptime,level,tags foldmultilines=false

Environment Variables:
JAVA_HOME=C:\Program Files\Java\jdk-18.0.2
PATH=C:/Program Files/Java/jdk-18.0.2/bin/server;C:/Program Files/Java/jdk-18.0.2/bin;C:\Program Files\Common Files\Oracle\Java\javapath;C:\WINDOWS\system32;C:\WINDOWS;C:\WINDOWS\System32\Wbem;C:\WINDOWS\System32\WindowsPowerShell\v1.0\;C:\WINDOWS\System32\OpenSSH\;C:\MinGW\bin;C:\ProgramData\chocolatey\bin;C:\Program Files\dotnet\;C:\Program Files\Java\jdk-18.0.2\bin;C:\Program Files\nodejs\;C:\Program Files\MongoDB\Server\6.0\bin;C:\Program Files\PowerShell\7\;C:\Program Files\MySQL\MySQL Shell 8.0\bin\;C:\Users\khare\AppData\Local\Microsoft\WindowsApps;C:\Users\khare\AppData\Local\Programs\Microsoft VS Code\bin;C:\Users\khare\AppData\Roaming\npm;C:\Program Files\MongoDB\Server\6.0\bin;;C:\Users\khare\OneDrive\Desktop;
USERNAME=khare
OS=Windows_NT
PROCESSOR_IDENTIFIER=AMD64 Family 23 Model 24 Stepping 1, AuthenticAMD



---------------  S Y S T E M  ---------------

OS:
 Windows 11 , 64 bit Build 22621 (10.0.22621.2428)
OS uptime: 2 days 5:12 hours

CPU: total 4 (initial active 4) (4 cores per cpu, 2 threads per core) family 23 model 24 stepping 1 microcode 0x0, cx8, cmov, fxsr, ht, mmx, 3dnowpref, sse, sse2, sse3, ssse3, sse4a, sse4.1, sse4.2, popcnt, lzcnt, tsc, tscinvbit, avx, avx2, aes, clmul, bmi1, bmi2, adx, sha, fma, vzeroupper, clflush, clflushopt

Memory: 4k page, system-wide physical 6030M (478M free)
TotalPageFile size 23831M (AvailPageFile size 0M)
current process WorkingSet (physical memory assigned to process): 34M, peak: 34M
current process commit charge ("private bytes"): 170M, peak: 170M

vm_info: Java HotSpot(TM) 64-Bit Server VM (18.0.2+9-61) for windows-amd64 JRE (18.0.2+9-61), built on Jun  7 2022 13:09:01 by "mach5one" with MS VC++ 16.8 / 16.9 (VS2019)

END.
